<?xml version="1.0" encoding="UTF-8"?>
<!-- Generated by org.testng.reporters.JUnitXMLReporter -->
<testsuite hostname="Naina-PC" ignored="0" name="Default test" tests="6" failures="0" timestamp="21 May 2018 18:29:31 GMT" time="75.485" errors="0">
  <testcase name="searchLocation" time="4.581" classname="TestNGRoom5.Task2Tests"/>
  <testcase name="fillContactForm" time="1.587" classname="TestNGRoom5.Task2Tests"/>
  <testcase name="subscribeToNewsletter" time="0.678" classname="TestNGRoom5.Task2Tests"/>
  <testcase name="navigateToDestination" time="0.691" classname="TestNGRoom5.Task2Tests"/>
  <testcase name="selectCountry" time="3.04" classname="TestNGRoom5.Task2Tests"/>
  <testcase name="allInspirations" time="1.195" classname="TestNGRoom5.Task2Tests"/>
</testsuite> <!-- Default test -->
